<?xml version="1.0" encoding="UTF-8"?>
<testng-results skipped="0" failed="0" total="1" passed="1">
  <reporter-output>
  </reporter-output>
  <suite name="Default suite" duration-ms="7731" started-at="2016-12-05T17:32:27Z" finished-at="2016-12-05T17:32:35Z">
    <groups>
    </groups>
    <test name="Default test" duration-ms="7731" started-at="2016-12-05T17:32:27Z" finished-at="2016-12-05T17:32:35Z">
      <class name="org.framework.selenium.pages.HomePage">
        <test-method status="PASS" signature="driverGetter()[pri:0, instance:org.framework.selenium.pages.HomePage@34ce8af7]" name="driverGetter" is-config="true" duration-ms="5823" started-at="2016-12-05T23:02:27Z" finished-at="2016-12-05T23:02:33Z">
          <reporter-output>
          </reporter-output>
        </test-method> <!-- driverGetter -->
        <test-method status="PASS" signature="fisrtMethod()[pri:0, instance:org.framework.selenium.pages.HomePage@34ce8af7]" name="fisrtMethod" duration-ms="1875" started-at="2016-12-05T23:02:33Z" finished-at="2016-12-05T23:02:35Z">
          <reporter-output>
          </reporter-output>
        </test-method> <!-- fisrtMethod -->
      </class> <!-- org.framework.selenium.pages.HomePage -->
    </test> <!-- Default test -->
  </suite> <!-- Default suite -->
</testng-results>
